This is pdfTeX, Version 3.1415926-2.5-1.40.14 (TeX Live 2013/Debian) (format=pdflatex 2016.11.21)  21 NOV 2016 17:06
entering extended mode
 restricted \write18 enabled.
 %&-line parsing enabled.
**MOCI1.tex
(./MOCI1.tex
LaTeX2e <2011/06/27>
Babel <3.9h> and hyphenation patterns for 78 languages loaded.
(/usr/share/texlive/texmf-dist/tex/latex/koma-script/scrreprt.cls
Document Class: scrreprt 2013/12/19 v3.12 KOMA-Script document class (report)
(/usr/share/texlive/texmf-dist/tex/latex/koma-script/scrkbase.sty
Package: scrkbase 2013/12/19 v3.12 KOMA-Script package (KOMA-Script-dependent b
asics and keyval usage)

(/usr/share/texlive/texmf-dist/tex/latex/koma-script/scrbase.sty
Package: scrbase 2013/12/19 v3.12 KOMA-Script package (KOMA-Script-independent 
basics and keyval usage)

(/usr/share/texlive/texmf-dist/tex/latex/graphics/keyval.sty
Package: keyval 1999/03/16 v1.13 key=value parser (DPC)
\KV@toks@=\toks14
)
(/usr/share/texlive/texmf-dist/tex/latex/koma-script/scrlfile.sty
Package: scrlfile 2013/12/19 v3.12 KOMA-Script package (loading files)

Package scrlfile, 2013/12/19 v3.12 KOMA-Script package (loading files)
                  Copyright (C) Markus Kohm

))) (/usr/share/texlive/texmf-dist/tex/latex/koma-script/tocbasic.sty
Package: tocbasic 2013/12/19 v3.12 KOMA-Script package (handling toc-files)
)
Package tocbasic Info: omitting babel extension for `toc'
(tocbasic)             because of feature `nobabel' available
(tocbasic)             for `toc' on input line 117.
Package tocbasic Info: omitting babel extension for `lof'
(tocbasic)             because of feature `nobabel' available
(tocbasic)             for `lof' on input line 118.
Package tocbasic Info: omitting babel extension for `lot'
(tocbasic)             because of feature `nobabel' available
(tocbasic)             for `lot' on input line 119.
Package tocbasic Info: defining new hook before heading of `' on input line 112
3.
Class scrreprt Info: File `scrsize11pt.clo' used instead of
(scrreprt)           file `scrsize11.clo' to setup font sizes on input line 165
5.

(/usr/share/texlive/texmf-dist/tex/latex/koma-script/scrsize11pt.clo
File: scrsize11pt.clo 2013/12/19 v3.12 KOMA-Script font size class option (11pt
)
)
(/usr/share/texlive/texmf-dist/tex/latex/koma-script/typearea.sty
Package: typearea 2013/12/19 v3.12 KOMA-Script package (type area)

Package typearea, 2013/12/19 v3.12 KOMA-Script package (type area)
                  Copyright (C) Frank Neukam, 1992-1994
                  Copyright (C) Markus Kohm, 1994-

\ta@bcor=\skip41
\ta@div=\count79
\ta@hblk=\skip42
\ta@vblk=\skip43
\ta@temp=\skip44
\footheight=\skip45
Package typearea Info: These are the values describing the layout:
(typearea)             DIV  = 10
(typearea)             BCOR = 0.0pt
(typearea)             \paperwidth      = 597.50793pt
(typearea)              \textwidth      = 418.25555pt
(typearea)              DIV departure   = -6%
(typearea)              \evensidemargin = 17.3562pt
(typearea)              \oddsidemargin  = 17.3562pt
(typearea)             \paperheight     = 845.04694pt
(typearea)              \textheight     = 595.80026pt
(typearea)              \topmargin      = -25.16531pt
(typearea)              \headheight     = 17.0pt
(typearea)              \headsep        = 20.40001pt
(typearea)              \topskip        = 11.0pt
(typearea)              \footskip       = 47.6pt
(typearea)              \baselineskip   = 13.6pt
(typearea)              on input line 1330.
)
\c@part=\count80
\c@chapter=\count81
\c@section=\count82
\c@subsection=\count83
\c@subsubsection=\count84
\c@paragraph=\count85
\c@subparagraph=\count86
\abovecaptionskip=\skip46
\belowcaptionskip=\skip47
\c@pti@nb@sid@b@x=\box26
\c@figure=\count87
\c@table=\count88
\bibindent=\dimen102
) (/usr/share/texlive/texmf-dist/tex/latex/listings/listings.sty
\lst@mode=\count89
\lst@gtempboxa=\box27
\lst@token=\toks15
\lst@length=\count90
\lst@currlwidth=\dimen103
\lst@column=\count91
\lst@pos=\count92
\lst@lostspace=\dimen104
\lst@width=\dimen105
\lst@newlines=\count93
\lst@lineno=\count94
\lst@maxwidth=\dimen106

(/usr/share/texlive/texmf-dist/tex/latex/listings/lstmisc.sty
File: lstmisc.sty 2013/08/26 1.5b (Carsten Heinz)
\c@lstnumber=\count95
\lst@skipnumbers=\count96
\lst@framebox=\box28
)
(/usr/share/texlive/texmf-dist/tex/latex/listings/listings.cfg
File: listings.cfg 2013/08/26 1.5b listings configuration
))
Package: listings 2013/08/26 1.5b (Carsten Heinz)

(/usr/share/texlive/texmf-dist/tex/latex/underscore/underscore.sty
Package: underscore 2006/09/13
LaTeX Info: Redefining \_ on input line 42.
)
(/usr/share/texlive/texmf-dist/tex/latex/hyperref/hyperref.sty
Package: hyperref 2012/11/06 v6.83m Hypertext links for LaTeX

(/usr/share/texlive/texmf-dist/tex/generic/oberdiek/hobsub-hyperref.sty
Package: hobsub-hyperref 2012/05/28 v1.13 Bundle oberdiek, subset hyperref (HO)


(/usr/share/texlive/texmf-dist/tex/generic/oberdiek/hobsub-generic.sty
Package: hobsub-generic 2012/05/28 v1.13 Bundle oberdiek, subset generic (HO)
Package: hobsub 2012/05/28 v1.13 Construct package bundles (HO)
Package: infwarerr 2010/04/08 v1.3 Providing info/warning/error messages (HO)
Package: ltxcmds 2011/11/09 v1.22 LaTeX kernel commands for general use (HO)
Package: ifluatex 2010/03/01 v1.3 Provides the ifluatex switch (HO)
Package ifluatex Info: LuaTeX not detected.
Package: ifvtex 2010/03/01 v1.5 Detect VTeX and its facilities (HO)
Package ifvtex Info: VTeX not detected.
Package: intcalc 2007/09/27 v1.1 Expandable calculations with integers (HO)
Package: ifpdf 2011/01/30 v2.3 Provides the ifpdf switch (HO)
Package ifpdf Info: pdfTeX in PDF mode is detected.
Package: etexcmds 2011/02/16 v1.5 Avoid name clashes with e-TeX commands (HO)
Package etexcmds Info: Could not find \expanded.
(etexcmds)             That can mean that you are not using pdfTeX 1.50 or
(etexcmds)             that some package has redefined \expanded.
(etexcmds)             In the latter case, load this package earlier.
Package: kvsetkeys 2012/04/25 v1.16 Key value parser (HO)
Package: kvdefinekeys 2011/04/07 v1.3 Define keys (HO)
Package: pdftexcmds 2011/11/29 v0.20 Utility functions of pdfTeX for LuaTeX (HO
)
Package pdftexcmds Info: LuaTeX not detected.
Package pdftexcmds Info: \pdf@primitive is available.
Package pdftexcmds Info: \pdf@ifprimitive is available.
Package pdftexcmds Info: \pdfdraftmode found.
Package: pdfescape 2011/11/25 v1.13 Implements pdfTeX's escape features (HO)
Package: bigintcalc 2012/04/08 v1.3 Expandable calculations on big integers (HO
)
Package: bitset 2011/01/30 v1.1 Handle bit-vector datatype (HO)
Package: uniquecounter 2011/01/30 v1.2 Provide unlimited unique counter (HO)
)
Package hobsub Info: Skipping package `hobsub' (already loaded).
Package: letltxmacro 2010/09/02 v1.4 Let assignment for LaTeX macros (HO)
Package: hopatch 2012/05/28 v1.2 Wrapper for package hooks (HO)
Package: xcolor-patch 2011/01/30 xcolor patch
Package: atveryend 2011/06/30 v1.8 Hooks at the very end of document (HO)
Package atveryend Info: \enddocument detected (standard20110627).
Package: atbegshi 2011/10/05 v1.16 At begin shipout hook (HO)
Package: refcount 2011/10/16 v3.4 Data extraction from label references (HO)
Package: hycolor 2011/01/30 v1.7 Color options for hyperref/bookmark (HO)
)
(/usr/share/texlive/texmf-dist/tex/generic/ifxetex/ifxetex.sty
Package: ifxetex 2010/09/12 v0.6 Provides ifxetex conditional
)
(/usr/share/texlive/texmf-dist/tex/latex/oberdiek/auxhook.sty
Package: auxhook 2011/03/04 v1.3 Hooks for auxiliary files (HO)
)
(/usr/share/texlive/texmf-dist/tex/latex/oberdiek/kvoptions.sty
Package: kvoptions 2011/06/30 v3.11 Key value format for package options (HO)
)
\@linkdim=\dimen107
\Hy@linkcounter=\count97
\Hy@pagecounter=\count98

(/usr/share/texlive/texmf-dist/tex/latex/hyperref/pd1enc.def
File: pd1enc.def 2012/11/06 v6.83m Hyperref: PDFDocEncoding definition (HO)
)
\Hy@SavedSpaceFactor=\count99

(/usr/share/texlive/texmf-dist/tex/latex/latexconfig/hyperref.cfg
File: hyperref.cfg 2002/06/06 v1.2 hyperref configuration of TeXLive
)
Package hyperref Info: Option `bookmarks' set `true' on input line 4319.
Package hyperref Info: Hyper figures OFF on input line 4443.
Package hyperref Info: Link nesting OFF on input line 4448.
Package hyperref Info: Hyper index ON on input line 4451.
Package hyperref Info: Plain pages OFF on input line 4458.
Package hyperref Info: Backreferencing OFF on input line 4463.
Package hyperref Info: Implicit mode ON; LaTeX internals redefined.
Package hyperref Info: Bookmarks ON on input line 4688.
\c@Hy@tempcnt=\count100

(/usr/share/texlive/texmf-dist/tex/latex/url/url.sty
\Urlmuskip=\muskip10
Package: url 2013/09/16  ver 3.4  Verb mode for urls, etc.
)
LaTeX Info: Redefining \url on input line 5041.
\XeTeXLinkMargin=\dimen108
\Fld@menulength=\count101
\Field@Width=\dimen109
\Fld@charsize=\dimen110
Package hyperref Info: Hyper figures OFF on input line 6295.
Package hyperref Info: Link nesting OFF on input line 6300.
Package hyperref Info: Hyper index ON on input line 6303.
Package hyperref Info: backreferencing OFF on input line 6310.
Package hyperref Info: Link coloring OFF on input line 6315.
Package hyperref Info: Link coloring with OCG OFF on input line 6320.
Package hyperref Info: PDF/A mode OFF on input line 6325.
LaTeX Info: Redefining \ref on input line 6365.
LaTeX Info: Redefining \pageref on input line 6369.
\Hy@abspage=\count102
\c@Item=\count103
\c@Hfootnote=\count104
)

Package hyperref Message: Driver (autodetected): hpdftex.

(/usr/share/texlive/texmf-dist/tex/latex/hyperref/hpdftex.def
File: hpdftex.def 2012/11/06 v6.83m Hyperref driver for pdfTeX
\Fld@listcount=\count105
\c@bookmark@seq@number=\count106

(/usr/share/texlive/texmf-dist/tex/latex/oberdiek/rerunfilecheck.sty
Package: rerunfilecheck 2011/04/15 v1.7 Rerun checks for auxiliary files (HO)
Package uniquecounter Info: New unique counter `rerunfilecheck' on input line 2
82.
)
\Hy@SectionHShift=\skip48
)
(/usr/share/texlive/texmf-dist/tex/latex/base/inputenc.sty
Package: inputenc 2008/03/30 v1.1d Input encoding file
\inpenc@prehook=\toks16
\inpenc@posthook=\toks17

(/usr/share/texlive/texmf-dist/tex/latex/base/utf8.def
File: utf8.def 2008/04/05 v1.1m UTF-8 support for inputenc
Now handling font encoding OML ...
... no UTF-8 mapping file for font encoding OML
Now handling font encoding T1 ...
... processing UTF-8 mapping file for font encoding T1

(/usr/share/texlive/texmf-dist/tex/latex/base/t1enc.dfu
File: t1enc.dfu 2008/04/05 v1.1m UTF-8 support for inputenc
   defining Unicode char U+00A1 (decimal 161)
   defining Unicode char U+00A3 (decimal 163)
   defining Unicode char U+00AB (decimal 171)
   defining Unicode char U+00BB (decimal 187)
   defining Unicode char U+00BF (decimal 191)
   defining Unicode char U+00C0 (decimal 192)
   defining Unicode char U+00C1 (decimal 193)
   defining Unicode char U+00C2 (decimal 194)
   defining Unicode char U+00C3 (decimal 195)
   defining Unicode char U+00C4 (decimal 196)
   defining Unicode char U+00C5 (decimal 197)
   defining Unicode char U+00C6 (decimal 198)
   defining Unicode char U+00C7 (decimal 199)
   defining Unicode char U+00C8 (decimal 200)
   defining Unicode char U+00C9 (decimal 201)
   defining Unicode char U+00CA (decimal 202)
   defining Unicode char U+00CB (decimal 203)
   defining Unicode char U+00CC (decimal 204)
   defining Unicode char U+00CD (decimal 205)
   defining Unicode char U+00CE (decimal 206)
   defining Unicode char U+00CF (decimal 207)
   defining Unicode char U+00D0 (decimal 208)
   defining Unicode char U+00D1 (decimal 209)
   defining Unicode char U+00D2 (decimal 210)
   defining Unicode char U+00D3 (decimal 211)
   defining Unicode char U+00D4 (decimal 212)
   defining Unicode char U+00D5 (decimal 213)
   defining Unicode char U+00D6 (decimal 214)
   defining Unicode char U+00D8 (decimal 216)
   defining Unicode char U+00D9 (decimal 217)
   defining Unicode char U+00DA (decimal 218)
   defining Unicode char U+00DB (decimal 219)
   defining Unicode char U+00DC (decimal 220)
   defining Unicode char U+00DD (decimal 221)
   defining Unicode char U+00DE (decimal 222)
   defining Unicode char U+00DF (decimal 223)
   defining Unicode char U+00E0 (decimal 224)
   defining Unicode char U+00E1 (decimal 225)
   defining Unicode char U+00E2 (decimal 226)
   defining Unicode char U+00E3 (decimal 227)
   defining Unicode char U+00E4 (decimal 228)
   defining Unicode char U+00E5 (decimal 229)
   defining Unicode char U+00E6 (decimal 230)
   defining Unicode char U+00E7 (decimal 231)
   defining Unicode char U+00E8 (decimal 232)
   defining Unicode char U+00E9 (decimal 233)
   defining Unicode char U+00EA (decimal 234)
   defining Unicode char U+00EB (decimal 235)
   defining Unicode char U+00EC (decimal 236)
   defining Unicode char U+00ED (decimal 237)
   defining Unicode char U+00EE (decimal 238)
   defining Unicode char U+00EF (decimal 239)
   defining Unicode char U+00F0 (decimal 240)
   defining Unicode char U+00F1 (decimal 241)
   defining Unicode char U+00F2 (decimal 242)
   defining Unicode char U+00F3 (decimal 243)
   defining Unicode char U+00F4 (decimal 244)
   defining Unicode char U+00F5 (decimal 245)
   defining Unicode char U+00F6 (decimal 246)
   defining Unicode char U+00F8 (decimal 248)
   defining Unicode char U+00F9 (decimal 249)
   defining Unicode char U+00FA (decimal 250)
   defining Unicode char U+00FB (decimal 251)
   defining Unicode char U+00FC (decimal 252)
   defining Unicode char U+00FD (decimal 253)
   defining Unicode char U+00FE (decimal 254)
   defining Unicode char U+00FF (decimal 255)
   defining Unicode char U+0102 (decimal 258)
   defining Unicode char U+0103 (decimal 259)
   defining Unicode char U+0104 (decimal 260)
   defining Unicode char U+0105 (decimal 261)
   defining Unicode char U+0106 (decimal 262)
   defining Unicode char U+0107 (decimal 263)
   defining Unicode char U+010C (decimal 268)
   defining Unicode char U+010D (decimal 269)
   defining Unicode char U+010E (decimal 270)
   defining Unicode char U+010F (decimal 271)
   defining Unicode char U+0110 (decimal 272)
   defining Unicode char U+0111 (decimal 273)
   defining Unicode char U+0118 (decimal 280)
   defining Unicode char U+0119 (decimal 281)
   defining Unicode char U+011A (decimal 282)
   defining Unicode char U+011B (decimal 283)
   defining Unicode char U+011E (decimal 286)
   defining Unicode char U+011F (decimal 287)
   defining Unicode char U+0130 (decimal 304)
   defining Unicode char U+0131 (decimal 305)
   defining Unicode char U+0132 (decimal 306)
   defining Unicode char U+0133 (decimal 307)
   defining Unicode char U+0139 (decimal 313)
   defining Unicode char U+013A (decimal 314)
   defining Unicode char U+013D (decimal 317)
   defining Unicode char U+013E (decimal 318)
   defining Unicode char U+0141 (decimal 321)
   defining Unicode char U+0142 (decimal 322)
   defining Unicode char U+0143 (decimal 323)
   defining Unicode char U+0144 (decimal 324)
   defining Unicode char U+0147 (decimal 327)
   defining Unicode char U+0148 (decimal 328)
   defining Unicode char U+014A (decimal 330)
   defining Unicode char U+014B (decimal 331)
   defining Unicode char U+0150 (decimal 336)
   defining Unicode char U+0151 (decimal 337)
   defining Unicode char U+0152 (decimal 338)
   defining Unicode char U+0153 (decimal 339)
   defining Unicode char U+0154 (decimal 340)
   defining Unicode char U+0155 (decimal 341)
   defining Unicode char U+0158 (decimal 344)
   defining Unicode char U+0159 (decimal 345)
   defining Unicode char U+015A (decimal 346)
   defining Unicode char U+015B (decimal 347)
   defining Unicode char U+015E (decimal 350)
   defining Unicode char U+015F (decimal 351)
   defining Unicode char U+0160 (decimal 352)
   defining Unicode char U+0161 (decimal 353)
   defining Unicode char U+0162 (decimal 354)
   defining Unicode char U+0163 (decimal 355)
   defining Unicode char U+0164 (decimal 356)
   defining Unicode char U+0165 (decimal 357)
   defining Unicode char U+016E (decimal 366)
   defining Unicode char U+016F (decimal 367)
   defining Unicode char U+0170 (decimal 368)
   defining Unicode char U+0171 (decimal 369)
   defining Unicode char U+0178 (decimal 376)
   defining Unicode char U+0179 (decimal 377)
   defining Unicode char U+017A (decimal 378)
   defining Unicode char U+017B (decimal 379)
   defining Unicode char U+017C (decimal 380)
   defining Unicode char U+017D (decimal 381)
   defining Unicode char U+017E (decimal 382)
   defining Unicode char U+200C (decimal 8204)
   defining Unicode char U+2013 (decimal 8211)
   defining Unicode char U+2014 (decimal 8212)
   defining Unicode char U+2018 (decimal 8216)
   defining Unicode char U+2019 (decimal 8217)
   defining Unicode char U+201A (decimal 8218)
   defining Unicode char U+201C (decimal 8220)
   defining Unicode char U+201D (decimal 8221)
   defining Unicode char U+201E (decimal 8222)
   defining Unicode char U+2030 (decimal 8240)
   defining Unicode char U+2031 (decimal 8241)
   defining Unicode char U+2039 (decimal 8249)
   defining Unicode char U+203A (decimal 8250)
   defining Unicode char U+2423 (decimal 9251)
)
Now handling font encoding OT1 ...
... processing UTF-8 mapping file for font encoding OT1

(/usr/share/texlive/texmf-dist/tex/latex/base/ot1enc.dfu
File: ot1enc.dfu 2008/04/05 v1.1m UTF-8 support for inputenc
   defining Unicode char U+00A1 (decimal 161)
   defining Unicode char U+00A3 (decimal 163)
   defining Unicode char U+00B8 (decimal 184)
   defining Unicode char U+00BF (decimal 191)
   defining Unicode char U+00C5 (decimal 197)
   defining Unicode char U+00C6 (decimal 198)
   defining Unicode char U+00D8 (decimal 216)
   defining Unicode char U+00DF (decimal 223)
   defining Unicode char U+00E6 (decimal 230)
   defining Unicode char U+00EC (decimal 236)
   defining Unicode char U+00ED (decimal 237)
   defining Unicode char U+00EE (decimal 238)
   defining Unicode char U+00EF (decimal 239)
   defining Unicode char U+00F8 (decimal 248)
   defining Unicode char U+0131 (decimal 305)
   defining Unicode char U+0141 (decimal 321)
   defining Unicode char U+0142 (decimal 322)
   defining Unicode char U+0152 (decimal 338)
   defining Unicode char U+0153 (decimal 339)
   defining Unicode char U+2013 (decimal 8211)
   defining Unicode char U+2014 (decimal 8212)
   defining Unicode char U+2018 (decimal 8216)
   defining Unicode char U+2019 (decimal 8217)
   defining Unicode char U+201C (decimal 8220)
   defining Unicode char U+201D (decimal 8221)
)
Now handling font encoding OMS ...
... processing UTF-8 mapping file for font encoding OMS

(/usr/share/texlive/texmf-dist/tex/latex/base/omsenc.dfu
File: omsenc.dfu 2008/04/05 v1.1m UTF-8 support for inputenc
   defining Unicode char U+00A7 (decimal 167)
   defining Unicode char U+00B6 (decimal 182)
   defining Unicode char U+00B7 (decimal 183)
   defining Unicode char U+2020 (decimal 8224)
   defining Unicode char U+2021 (decimal 8225)
   defining Unicode char U+2022 (decimal 8226)
)
Now handling font encoding OMX ...
... no UTF-8 mapping file for font encoding OMX
Now handling font encoding U ...
... no UTF-8 mapping file for font encoding U
Now handling font encoding PD1 ...
... no UTF-8 mapping file for font encoding PD1
   defining Unicode char U+00A9 (decimal 169)
   defining Unicode char U+00AA (decimal 170)
   defining Unicode char U+00AE (decimal 174)
   defining Unicode char U+00BA (decimal 186)
   defining Unicode char U+02C6 (decimal 710)
   defining Unicode char U+02DC (decimal 732)
   defining Unicode char U+200C (decimal 8204)
   defining Unicode char U+2026 (decimal 8230)
   defining Unicode char U+2122 (decimal 8482)
   defining Unicode char U+2423 (decimal 9251)
))
(/usr/share/texlive/texmf-dist/tex/generic/babel/babel.sty
Package: babel 2013/12/03 3.9h The Babel package

(/usr/share/texlive/texmf-dist/tex/generic/babel-english/english.ldf
Language: english 2012/08/20 v3.3p English support from the babel system

(/usr/share/texlive/texmf-dist/tex/generic/babel/babel.def
File: babel.def 2013/12/03 3.9h Babel common definitions
\babel@savecnt=\count107
\U@D=\dimen111
)
\l@canadian = a dialect from \language\l@american 
\l@australian = a dialect from \language\l@british 
\l@newzealand = a dialect from \language\l@british 
))

Package hyperref Warning: Option `bookmarks' has already been used,
(hyperref)                setting the option has no effect on input line 36.

Package hyperref Info: Option `colorlinks' set `true' on input line 36.
(/usr/share/texlive/texmf-dist/tex/latex/graphics/graphicx.sty
Package: graphicx 1999/02/16 v1.0f Enhanced LaTeX Graphics (DPC,SPQR)

(/usr/share/texlive/texmf-dist/tex/latex/graphics/graphics.sty
Package: graphics 2009/02/05 v1.0o Standard LaTeX Graphics (DPC,SPQR)

(/usr/share/texlive/texmf-dist/tex/latex/graphics/trig.sty
Package: trig 1999/03/16 v1.09 sin cos tan (DPC)
)
(/usr/share/texlive/texmf-dist/tex/latex/latexconfig/graphics.cfg
File: graphics.cfg 2010/04/23 v1.9 graphics configuration of TeX Live
)
Package graphics Info: Driver file: pdftex.def on input line 91.

(/usr/share/texlive/texmf-dist/tex/latex/pdftex-def/pdftex.def
File: pdftex.def 2011/05/27 v0.06d Graphics/color for pdfTeX
\Gread@gobject=\count108
))
\Gin@req@height=\dimen112
\Gin@req@width=\dimen113
)
No file MOCI1.aux.
\openout1 = `MOCI1.aux'.

LaTeX Font Info:    Checking defaults for OML/cmm/m/it on input line 46.
LaTeX Font Info:    ... okay on input line 46.
LaTeX Font Info:    Checking defaults for T1/cmr/m/n on input line 46.
LaTeX Font Info:    ... okay on input line 46.
LaTeX Font Info:    Checking defaults for OT1/cmr/m/n on input line 46.
LaTeX Font Info:    ... okay on input line 46.
LaTeX Font Info:    Checking defaults for OMS/cmsy/m/n on input line 46.
LaTeX Font Info:    ... okay on input line 46.
LaTeX Font Info:    Checking defaults for OMX/cmex/m/n on input line 46.
LaTeX Font Info:    ... okay on input line 46.
LaTeX Font Info:    Checking defaults for U/cmr/m/n on input line 46.
LaTeX Font Info:    ... okay on input line 46.
LaTeX Font Info:    Checking defaults for PD1/pdf/m/n on input line 46.
LaTeX Font Info:    ... okay on input line 46.
\c@lstlisting=\count109
\AtBeginShipoutBox=\box29
(/usr/share/texlive/texmf-dist/tex/latex/graphics/color.sty
Package: color 2005/11/14 v1.0j Standard LaTeX Color (DPC)

(/usr/share/texlive/texmf-dist/tex/latex/latexconfig/color.cfg
File: color.cfg 2007/01/18 v1.5 color configuration of teTeX/TeXLive
)
Package color Info: Driver file: pdftex.def on input line 130.
)
Package hyperref Info: Link coloring ON on input line 46.

(/usr/share/texlive/texmf-dist/tex/latex/hyperref/nameref.sty
Package: nameref 2012/10/27 v2.43 Cross-referencing by name of section

(/usr/share/texlive/texmf-dist/tex/generic/oberdiek/gettitlestring.sty
Package: gettitlestring 2010/12/03 v1.4 Cleanup title references (HO)
)
\c@section@level=\count110
)
LaTeX Info: Redefining \ref on input line 46.
LaTeX Info: Redefining \pageref on input line 46.
LaTeX Info: Redefining \nameref on input line 46.
\@outlinefile=\write3
\openout3 = `MOCI1.out'.


(/usr/share/texlive/texmf-dist/tex/context/base/supp-pdf.mkii
[Loading MPS to PDF converter (version 2006.09.02).]
\scratchcounter=\count111
\scratchdimen=\dimen114
\scratchbox=\box30
\nofMPsegments=\count112
\nofMParguments=\count113
\everyMPshowfont=\toks18
\MPscratchCnt=\count114
\MPscratchDim=\dimen115
\MPnumerator=\count115
\makeMPintoPDFobject=\count116
\everyMPtoPDFconversion=\toks19
) (/usr/share/texlive/texmf-dist/tex/latex/oberdiek/epstopdf-base.sty
Package: epstopdf-base 2010/02/09 v2.5 Base part for package epstopdf

(/usr/share/texlive/texmf-dist/tex/latex/oberdiek/grfext.sty
Package: grfext 2010/08/19 v1.1 Manage graphics extensions (HO)
)
Package grfext Info: Graphics extension search list:
(grfext)             [.pdf,.png,.jpg,.eps]
(grfext)             \AppendGraphicsExtensions on input line 452.

(/usr/share/texlive/texmf-dist/tex/latex/latexconfig/epstopdf-sys.cfg
File: epstopdf-sys.cfg 2010/07/13 v1.3 Configuration of (r)epstopdf for TeX Liv
e
))
Overfull \hbox (36.98853pt too wide) in paragraph at lines 49--49
 []
 []

LaTeX Font Info:    External font `cmex10' loaded for size
(Font)              <24.88> on input line 55.
LaTeX Font Info:    External font `cmex10' loaded for size
(Font)              <20.74> on input line 55.
LaTeX Font Info:    External font `cmex10' loaded for size
(Font)              <17.28> on input line 55.
LaTeX Font Info:    External font `cmex10' loaded for size
(Font)              <12> on input line 59.
[1

{/var/lib/texmf/fonts/map/pdftex/updmap/pdftex.map}] [2]
Chapter 1.

Class scrreprt Warning: \float@addtolists detected!
(scrreprt)              Implementation of \float@addtolist became
(scrreprt)              deprecated in KOMA-Script v3.01 2008/11/14 and
(scrreprt)              has been replaced by more several more flexible
(scrreprt)              features of package `tocbasic`.
(scrreprt)              Since Version 3.12 support for deprecated
(scrreprt)              \float@addtolist interface has been
(scrreprt)              restricted to only some of the KOMA-Script
(scrreprt)              features and been removed from others.
(scrreprt)              Loading of package `scrhack' may help to
(scrreprt)              avoid this warning, if you are using a
(scrreprt)              a package that still implements the
(scrreprt)              deprecated \float@addtolist interface .

LaTeX Font Info:    External font `cmex10' loaded for size
(Font)              <10.95> on input line 71.
LaTeX Font Info:    External font `cmex10' loaded for size
(Font)              <8> on input line 71.
LaTeX Font Info:    External font `cmex10' loaded for size
(Font)              <6> on input line 71.
[3

] [4]
Chapter 2.
[5

]
LaTeX Font Info:    Try loading font information for OMS+cmr on input line 142.

 (/usr/share/texlive/texmf-dist/tex/latex/base/omscmr.fd
File: omscmr.fd 1999/05/25 v2.5h Standard LaTeX font definitions
)
LaTeX Font Info:    Font shape `OMS/cmr/m/n' in size <10.95> not available
(Font)              Font shape `OMS/cmsy/m/n' tried instead on input line 142.

Overfull \hbox (43.50038pt too wide) in paragraph at lines 162--163
[]\OT1/cmr/m/n/10.95 ^^Sel^^Reves, di-recteur d'^^Secole, ma^^^Ptres de stage e
t re-spon-s-ables des stages sig-nent ^^Selectroniquement
 []

[6] [7] [8] [9]
<Diagramme/ELEVE/"Remplir la fiche de renseignements".png, id=101, 356.83313pt 
x 198.7425pt>
File: Diagramme/ELEVE/"Remplir la fiche de renseignements".png Graphic file (ty
pe png)
 <use Diagramme/ELEVE/"Remplir la fiche de renseignements".png>
Package pdftex.def Info: Diagramme/ELEVE/"Remplir la fiche de renseignements".p
ng used on input line 318.
(pdftex.def)             Requested size: 418.25555pt x 232.96446pt.

<Diagramme/ELEVE/"Acceder a son compte et suivre son stage".png, id=103, 304.88
907pt x 154.32657pt> [10]
File: Diagramme/ELEVE/"Acceder a son compte et suivre son stage".png Graphic fi
le (type png)

<use Diagramme/ELEVE/"Acceder a son compte et suivre son stage".png>
Package pdftex.def Info: Diagramme/ELEVE/"Acceder a son compte et suivre son st
age".png used on input line 320.
(pdftex.def)             Requested size: 418.25555pt x 211.7181pt.

Overfull \hbox (10.95003pt too wide) in paragraph at lines 320--321
[][] 
 []


<Diagramme/ELEVE/"Signer la convention et la consulter".png, id=124, 535.2497pt
 x 352.31625pt>
File: Diagramme/ELEVE/"Signer la convention et la consulter".png Graphic file (
type png)

<use Diagramme/ELEVE/"Signer la convention et la consulter".png>
Package pdftex.def Info: Diagramme/ELEVE/"Signer la convention et la consulter"
.png used on input line 322.
(pdftex.def)             Requested size: 418.25555pt x 275.32166pt.

Overfull \hbox (10.95003pt too wide) in paragraph at lines 322--323
[][] 
 []

<Diagramme/ELEVE/"Editer son profil".png, id=125, 528.47438pt x 253.69781pt>
[11 <./Diagramme/ELEVE/Remplir la fiche de renseignements.png> <./Diagramme/ELE
VE/Acceder a son compte et suivre son stage.png>]
File: Diagramme/ELEVE/"Editer son profil".png Graphic file (type png)

<use Diagramme/ELEVE/"Editer son profil".png>
Package pdftex.def Info: Diagramme/ELEVE/"Editer son profil".png used on input 
line 324.
(pdftex.def)             Requested size: 418.25555pt x 200.78682pt.

Overfull \hbox (10.95003pt too wide) in paragraph at lines 324--325
[][] 
 []


<Diagramme/ELEVE/"Deposer et consulter son rapport".png, id=135, 454.69875pt x 
308.65312pt>
File: Diagramme/ELEVE/"Deposer et consulter son rapport".png Graphic file (type
 png)
 <use Diagramme/ELEVE/"Deposer et consulter son rapport".png>
Package pdftex.def Info: Diagramme/ELEVE/"Deposer et consulter son rapport".png
 used on input line 326.
(pdftex.def)             Requested size: 418.25555pt x 283.9172pt.

Overfull \hbox (10.95003pt too wide) in paragraph at lines 326--327
[][] 
 []


<Diagramme/ELEVE/"Consulter les avis de l'entreprise".png, id=136, 274.77657pt 
x 154.32657pt> [12 <./Diagramme/ELEVE/Signer la convention et la consulter.png>
 <./Diagramme/ELEVE/Editer son profil.png>]
File: Diagramme/ELEVE/"Consulter les avis de l'entreprise".png Graphic file (ty
pe png)

<use Diagramme/ELEVE/"Consulter les avis de l'entreprise".png>
Package pdftex.def Info: Diagramme/ELEVE/"Consulter les avis de l'entreprise".p
ng used on input line 328.
(pdftex.def)             Requested size: 418.25555pt x 234.932pt.

Overfull \hbox (10.95003pt too wide) in paragraph at lines 328--329
[][] 
 []


<Diagramme/ELEVE/"Telecharger un template du rapport".png, id=143, 517.935pt x 
253.69781pt>
File: Diagramme/ELEVE/"Telecharger un template du rapport".png Graphic file (ty
pe png)
 <use Diagramme/ELEVE/"Telecharger un template du rapport".png>
Package pdftex.def Info: Diagramme/ELEVE/"Telecharger un template du rapport".p
ng used on input line 330.
(pdftex.def)             Requested size: 418.25555pt x 204.88246pt.

Overfull \hbox (10.95003pt too wide) in paragraph at lines 330--331
[][] 
 []

[13 <./Diagramme/ELEVE/Deposer et consulter son rapport.png> <./Diagramme/ELEVE
/Consulter les avis de l'entreprise.png>]
<Diagramme/SCOLARITE/"Acceder a la liste des entreprises".png, id=151, 271.7653
2pt x 154.32657pt>
File: Diagramme/SCOLARITE/"Acceder a la liste des entreprises".png Graphic file
 (type png)

<use Diagramme/SCOLARITE/"Acceder a la liste des entreprises".png>
Package pdftex.def Info: Diagramme/SCOLARITE/"Acceder a la liste des entreprise
s".png used on input line 335.
(pdftex.def)             Requested size: 418.25555pt x 237.52467pt.

<Diagramme/SCOLARITE/"Elaborer le planning des soutenances".png, id=152, 380.92
313pt x 230.36063pt>
File: Diagramme/SCOLARITE/"Elaborer le planning des soutenances".png Graphic fi
le (type png)

<use Diagramme/SCOLARITE/"Elaborer le planning des soutenances".png>
Package pdftex.def Info: Diagramme/SCOLARITE/"Elaborer le planning des soutenan
ces".png used on input line 337.
(pdftex.def)             Requested size: 418.25555pt x 252.94753pt.

Overfull \hbox (10.95003pt too wide) in paragraph at lines 337--338
[][] 
 []


<Diagramme/SCOLARITE/"Gerer les passages et redoublements".png, id=153, 453.945
94pt x 297.36093pt> [14 <./Diagramme/ELEVE/Telecharger un template du rapport.p
ng> <./Diagramme/SCOLARITE/Acceder a la liste des entreprises.png>]
File: Diagramme/SCOLARITE/"Gerer les passages et redoublements".png Graphic fil
e (type png)

<use Diagramme/SCOLARITE/"Gerer les passages et redoublements".png>
Package pdftex.def Info: Diagramme/SCOLARITE/"Gerer les passages et redoublemen
ts".png used on input line 339.
(pdftex.def)             Requested size: 418.25555pt x 273.98373pt.

Overfull \hbox (10.95003pt too wide) in paragraph at lines 339--340
[][] 
 []


<Diagramme/SCOLARITE/"Recuperer les rapports".png, id=161, 453.19313pt x 297.36
093pt>
File: Diagramme/SCOLARITE/"Recuperer les rapports".png Graphic file (type png)
 <use Diagramme/SCOLARITE/"Recuperer les rapports".png>
Package pdftex.def Info: Diagramme/SCOLARITE/"Recuperer les rapports".png used 
on input line 341.
(pdftex.def)             Requested size: 418.25555pt x 274.43747pt.

Overfull \hbox (10.95003pt too wide) in paragraph at lines 341--342
[][] 
 []


<Diagramme/SCOLARITE/"Suivre les comptes etudiants".png, id=162, 298.11375pt x 
154.32657pt> [15 <./Diagramme/SCOLARITE/Elaborer le planning des soutenances.pn
g> <./Diagramme/SCOLARITE/Gerer les passages et redoublements.png>]
File: Diagramme/SCOLARITE/"Suivre les comptes etudiants".png Graphic file (type
 png)

<use Diagramme/SCOLARITE/"Suivre les comptes etudiants".png>
Package pdftex.def Info: Diagramme/SCOLARITE/"Suivre les comptes etudiants".png
 used on input line 343.
(pdftex.def)             Requested size: 418.25555pt x 216.53372pt.

Overfull \hbox (10.95003pt too wide) in paragraph at lines 343--344
[][] 
 []


<Diagramme/ENTREPRISE/"Acceder au rapport".png, id=169, 259.7203pt x 154.32657p
t>
File: Diagramme/ENTREPRISE/"Acceder au rapport".png Graphic file (type png)
 <use Diagramme/ENTREPRISE/"Acceder au rapport".png>
Package pdftex.def Info: Diagramme/ENTREPRISE/"Acceder au rapport".png used on 
input line 348.
(pdftex.def)             Requested size: 418.25555pt x 248.52881pt.

<Diagramme/ENTREPRISE/"Accepter visite".png, id=170, 505.89pt x 352.31625pt>
[16 <./Diagramme/SCOLARITE/Recuperer les rapports.png> <./Diagramme/SCOLARITE/S
uivre les comptes etudiants.png>]
File: Diagramme/ENTREPRISE/"Accepter visite".png Graphic file (type png)

<use Diagramme/ENTREPRISE/"Accepter visite".png>
Package pdftex.def Info: Diagramme/ENTREPRISE/"Accepter visite".png used on inp
ut line 350.
(pdftex.def)             Requested size: 418.25555pt x 291.28809pt.

Overfull \hbox (10.95003pt too wide) in paragraph at lines 350--351
[][] 
 []


<Diagramme/ENTREPRISE/"Donner son avis sur le stage etudiant".png, id=177, 406.
51875pt x 253.69781pt>
File: Diagramme/ENTREPRISE/"Donner son avis sur le stage etudiant".png Graphic 
file (type png)

<use Diagramme/ENTREPRISE/"Donner son avis sur le stage etudiant".png>
Package pdftex.def Info: Diagramme/ENTREPRISE/"Donner son avis sur le stage etu
diant".png used on input line 352.
(pdftex.def)             Requested size: 418.25555pt x 261.03294pt.

Overfull \hbox (10.95003pt too wide) in paragraph at lines 352--353
[][] 
 []


<Diagramme/ENTREPRISE/"Remplir le questionnaire d'evaluation".png, id=178, 313.
9228pt x 222.07968pt> [17 <./Diagramme/ENTREPRISE/Acceder au rapport.png> <./Di
agramme/ENTREPRISE/Accepter visite.png>]
File: Diagramme/ENTREPRISE/"Remplir le questionnaire d'evaluation".png Graphic 
file (type png)

<use Diagramme/ENTREPRISE/"Remplir le questionnaire d'evaluation".png>
Package pdftex.def Info: Diagramme/ENTREPRISE/"Remplir le questionnaire d'evalu
ation".png used on input line 354.
(pdftex.def)             Requested size: 418.25555pt x 295.90105pt.

Overfull \hbox (10.95003pt too wide) in paragraph at lines 354--355
[][] 
 []


<Diagramme/ENTREPRISE/"Signer - remplir la convention".png, id=186, 499.8675pt 
x 298.86656pt>
File: Diagramme/ENTREPRISE/"Signer - remplir la convention".png Graphic file (t
ype png)
 <use Diagramme/ENTREPRISE/"Signer - remplir la convention".png>
Package pdftex.def Info: Diagramme/ENTREPRISE/"Signer - remplir la convention".
png used on input line 356.
(pdftex.def)             Requested size: 418.25555pt x 250.07939pt.

Overfull \hbox (10.95003pt too wide) in paragraph at lines 356--357
[][] 
 []


<Diagramme/ENTREPRISE/"Suivre son stagiaire".png, id=187, 264.99pt x 154.32657p
t> [18 <./Diagramme/ENTREPRISE/Donner son avis sur le stage etudiant.png> <./Di
agramme/ENTREPRISE/Remplir le questionnaire d'evaluation.png>]
File: Diagramme/ENTREPRISE/"Suivre son stagiaire".png Graphic file (type png)

<use Diagramme/ENTREPRISE/"Suivre son stagiaire".png>
Package pdftex.def Info: Diagramme/ENTREPRISE/"Suivre son stagiaire".png used o
n input line 358.
(pdftex.def)             Requested size: 418.25555pt x 243.60486pt.

Overfull \hbox (10.95003pt too wide) in paragraph at lines 358--359
[][] 
 []


<Diagramme/ENTREPRISE/"Valider la diffusion du rapport".png, id=194, 311.66437p
t x 289.08pt>
File: Diagramme/ENTREPRISE/"Valider la diffusion du rapport".png Graphic file (
type png)
 <use Diagramme/ENTREPRISE/"Valider la diffusion du rapport".png>
Package pdftex.def Info: Diagramme/ENTREPRISE/"Valider la diffusion du rapport"
.png used on input line 360.
(pdftex.def)             Requested size: 418.25555pt x 387.95625pt.

Overfull \hbox (10.95003pt too wide) in paragraph at lines 360--361
[][] 
 []

[19 <./Diagramme/ENTREPRISE/Signer - remplir la convention.png> <./Diagramme/EN
TREPRISE/Suivre son stagiaire.png>]
<Diagramme/ADMIN/"Acceder a la fiche de renseignements et autres documents".png
, id=202, 377.91188pt x 198.7425pt>
File: Diagramme/ADMIN/"Acceder a la fiche de renseignements et autres documents
".png Graphic file (type png)

<use Diagramme/ADMIN/"Acceder a la fiche de renseignements et autres documents"
.png>
Package pdftex.def Info: Diagramme/ADMIN/"Acceder a la fiche de renseignements 
et autres documents".png used on input line 364.
(pdftex.def)             Requested size: 418.25555pt x 219.96083pt.

<Diagramme/ADMIN/"Gerer des statistiques".png, id=203, 289.08pt x 154.32657pt>
[20 <./Diagramme/ENTREPRISE/Valider la diffusion du rapport.png>]
File: Diagramme/ADMIN/"Gerer des statistiques".png Graphic file (type png)

<use Diagramme/ADMIN/"Gerer des statistiques".png>
Package pdftex.def Info: Diagramme/ADMIN/"Gerer des statistiques".png used on i
nput line 366.
(pdftex.def)             Requested size: 418.25555pt x 223.29915pt.

Overfull \hbox (10.95003pt too wide) in paragraph at lines 366--367
[][] 
 []


<Diagramme/ADMIN/"Gerer attribution du tuteur academique".png, id=209, 566.8678
1pt x 274.02374pt>
File: Diagramme/ADMIN/"Gerer attribution du tuteur academique".png Graphic file
 (type png)

<use Diagramme/ADMIN/"Gerer attribution du tuteur academique".png>
Package pdftex.def Info: Diagramme/ADMIN/"Gerer attribution du tuteur academiqu
e".png used on input line 368.
(pdftex.def)             Requested size: 418.25555pt x 202.18901pt.

Overfull \hbox (10.95003pt too wide) in paragraph at lines 368--369
[][] 
 []

<Diagramme/ADMIN/"Valider les stages".png, id=210, 568.37344pt x 374.90062pt>
[21 <./Diagramme/ADMIN/Acceder a la fiche de renseignements et autres documents
.png> <./Diagramme/ADMIN/Gerer des statistiques.png>]
File: Diagramme/ADMIN/"Valider les stages".png Graphic file (type png)

<use Diagramme/ADMIN/"Valider les stages".png>
Package pdftex.def Info: Diagramme/ADMIN/"Valider les stages".png used on input
 line 370.
(pdftex.def)             Requested size: 418.25555pt x 275.89473pt.

Overfull \hbox (10.95003pt too wide) in paragraph at lines 370--371
[][] 
 []


<Diagramme/ENSEIGNANT/"Acceder a la fiche de renseignements et autres documents
2".png, id=218, 373.395pt x 198.7425pt>
File: Diagramme/ENSEIGNANT/"Acceder a la fiche de renseignements et autres docu
ments2".png Graphic file (type png)

<use Diagramme/ENSEIGNANT/"Acceder a la fiche de renseignements et autres docum
ents2".png>
Package pdftex.def Info: Diagramme/ENSEIGNANT/"Acceder a la fiche de renseignem
ents et autres documents2".png used on input line 375.
(pdftex.def)             Requested size: 418.25555pt x 222.62949pt.

<Diagramme/ENSEIGNANT/"Acceder aux informations".png, id=219, 373.395pt x 198.7
425pt> [22 <./Diagramme/ADMIN/Gerer attribution du tuteur academique.png> <./Di
agramme/ADMIN/Valider les stages.png>]
File: Diagramme/ENSEIGNANT/"Acceder aux informations".png Graphic file (type pn
g)

<use Diagramme/ENSEIGNANT/"Acceder aux informations".png>
Package pdftex.def Info: Diagramme/ENSEIGNANT/"Acceder aux informations".png us
ed on input line 377.
(pdftex.def)             Requested size: 418.25555pt x 222.62949pt.

Overfull \hbox (10.95003pt too wide) in paragraph at lines 377--378
[][] 
 []


<Diagramme/ENSEIGNANT/"Demander pour faire une visite".png, id=226, 517.18219pt
 x 230.36063pt>
File: Diagramme/ENSEIGNANT/"Demander pour faire une visite".png Graphic file (t
ype png)

<use Diagramme/ENSEIGNANT/"Demander pour faire une visite".png>
Package pdftex.def Info: Diagramme/ENSEIGNANT/"Demander pour faire une visite".
png used on input line 379.
(pdftex.def)             Requested size: 418.25555pt x 186.30284pt.

Overfull \hbox (10.95003pt too wide) in paragraph at lines 379--380
[][] 
 []


<Diagramme/ENSEIGNANT/"Donner une note - un avis".png, id=227, 302.63063pt x 22
2.07968pt> [23 <./Diagramme/ENSEIGNANT/Acceder a la fiche de renseignements et 
autres documents2.png> <./Diagramme/ENSEIGNANT/Acceder aux informations.png>]
File: Diagramme/ENSEIGNANT/"Donner une note - un avis".png Graphic file (type p
ng)

<use Diagramme/ENSEIGNANT/"Donner une note - un avis".png>
Package pdftex.def Info: Diagramme/ENSEIGNANT/"Donner une note - un avis".png u
sed on input line 381.
(pdftex.def)             Requested size: 418.25555pt x 306.93114pt.

Overfull \hbox (10.95003pt too wide) in paragraph at lines 381--382
[][] 
 []

[24 <./Diagramme/ENSEIGNANT/Demander pour faire une visite.png> <./Diagramme/EN
SEIGNANT/Donner une note - un avis.png>]
Overfull \hbox (5.9966pt too wide) in paragraph at lines 414--415
[]\OT1/cmr/m/n/10.95 avant de signer la con-ven-tion de stage, lorsque celui-ci
 a lieu ^^Ra l'^^Setranger, l'attestation
 []

[25]
Package atveryend Info: Empty hook `BeforeClearDocument' on input line 440.
 [26]
Package atveryend Info: Empty hook `AfterLastShipout' on input line 440.
 (./MOCI1.aux)
Package atveryend Info: Executing hook `AtVeryEndDocument' on input line 440.
Package atveryend Info: Executing hook `AtEndAfterFileList' on input line 440.


Package rerunfilecheck Warning: File `MOCI1.out' has changed.
(rerunfilecheck)                Rerun to get outlines right
(rerunfilecheck)                or use package `bookmark'.

Package rerunfilecheck Info: Checksums for `MOCI1.out':
(rerunfilecheck)             Before: <no file>
(rerunfilecheck)             After:  DCCF111F04E09F4B2B46494174D64B55;3544.
Package atveryend Info: Empty hook `AtVeryVeryEnd' on input line 440.
 ) 
Here is how much of TeX's memory you used:
 8680 strings out of 493304
 135515 string characters out of 6139870
 263836 words of memory out of 5000000
 11927 multiletter control sequences out of 15000+600000
 12437 words of font info for 43 fonts, out of 8000000 for 9000
 957 hyphenation exceptions out of 8191
 36i,8n,38p,551b,448s stack positions out of 5000i,500n,10000p,200000b,80000s
</usr/share/texlive/texmf-dist/fonts/type1/public/amsfonts/cm/cmbx10.pfb></us
r/share/texlive/texmf-dist/fonts/type1/public/amsfonts/cm/cmbx12.pfb></usr/shar
e/texlive/texmf-dist/fonts/type1/public/amsfonts/cm/cmmi10.pfb></usr/share/texl
ive/texmf-dist/fonts/type1/public/amsfonts/cm/cmmi12.pfb></usr/share/texlive/te
xmf-dist/fonts/type1/public/amsfonts/cm/cmr10.pfb></usr/share/texlive/texmf-dis
t/fonts/type1/public/amsfonts/cm/cmssbx10.pfb></usr/share/texlive/texmf-dist/fo
nts/type1/public/amsfonts/cm/cmsy10.pfb>
Output written on MOCI1.pdf (26 pages, 451736 bytes).
PDF statistics:
 309 PDF objects out of 1000 (max. 8388607)
 217 compressed objects within 3 object streams
 110 named destinations out of 1000 (max. 500000)
 136 words of extra memory for PDF output out of 10000 (max. 10000000)

